<?xml version="1.0" encoding="utf-8" standalone="no"?>
<!--This file represents the results of running a test suite-->
<test-results name="X:\inetpub\Schedumail\src\ScheduMail.UnitsOfWorkTests\bin\Debug\ScheduMail.UnitsOfWorkTests.dll" total="1" errors="1" failures="0" not-run="0" inconclusive="0" ignored="0" skipped="0" invalid="0" date="2010-02-25" time="12:47:10">
  <environment nunit-version="2.5.3.9345" clr-version="2.0.50727.4927" os-version="Microsoft Windows NT 6.1.7600.0" platform="Win32NT" cwd="X:\inetpub\Schedumail\src\ScheduMail.UnitsOfWorkTests\bin\Debug" machine-name="R2D2" user="sqayyum" user-domain="THEFORCE" />
  <culture-info current-culture="en-GB" current-uiculture="en-US" />
  <test-suite name="X:\inetpub\Schedumail\src\ScheduMail.UnitsOfWorkTests\bin\Debug\ScheduMail.UnitsOfWorkTests.dll" executed="True" success="False" time="1.150" asserts="0">
    <results>
      <test-suite name="ScheduMail" executed="True" success="False" time="1.144" asserts="0">
        <results>
          <test-suite name="UnitsOfWorkTests" executed="True" success="False" time="1.144" asserts="0">
            <results>
              <test-suite name="SchedulesUnitOfWorkTest" executed="True" success="False" time="0.983" asserts="0">
                <results>
                  <test-case name="ScheduMail.UnitsOfWorkTests.SchedulesUnitOfWorkTest.Schedule_ContainerTest" executed="True" success="False" time="0.970" asserts="0">
                    <failure>
                      <message><![CDATA[Castle.MicroKernel.ComponentNotFoundException : No component for supporting the service ScheduMail.Core.RepositoryInterfaces.IScheduleRepository was found]]></message>
                      <stack-trace><![CDATA[at Castle.MicroKernel.DefaultKernel.get_Item(Type service)
at Castle.Windsor.WindsorContainer.Resolve(Type service)
at Castle.Windsor.WindsorContainer.Resolve[T]()
at ScheduMail.UnitsOfWorkTests.SchedulesUnitOfWorkTest.Schedule_ContainerTest() in X:\inetpub\Schedumail\src\ScheduMail.UnitsOfWorkTests\SchedulesUnitOfWorkTest.cs:line 31
]]></stack-trace>
                    </failure>
                  </test-case>
                </results>
              </test-suite>
            </results>
          </test-suite>
        </results>
      </test-suite>
    </results>
  </test-suite>
</test-results>