<?xml version="1.0" encoding="utf-8" standalone="no"?>
<!--This file represents the results of running a test suite-->
<test-results name="X:\inetpub\Schedumail\src\ScheduMail.EFDalTest\bin\Debug\ScheduMail.EFDalTest.dll" total="5" errors="0" failures="0" not-run="0" inconclusive="0" ignored="0" skipped="0" invalid="0" date="2010-02-19" time="11:08:54">
  <environment nunit-version="2.5.2.9222" clr-version="2.0.50727.4927" os-version="Microsoft Windows NT 6.1.7600.0" platform="Win32NT" cwd="C:\Program Files (x86)\Microsoft Visual Studio 9.0\Common7\IDE" machine-name="BALI" user="000088" user-domain="BALI" />
  <culture-info current-culture="en-GB" current-uiculture="en-US" />
  <test-suite name="X:\inetpub\Schedumail\src\ScheduMail.EFDalTest\bin\Debug\ScheduMail.EFDalTest.dll" executed="True" success="True" time="7.319" asserts="0">
    <results>
      <test-suite name="NUnit" executed="True" success="True" time="7.309" asserts="0">
        <results>
          <test-suite name="Samples" executed="True" success="True" time="7.306" asserts="0">
            <results>
              <test-suite name="Money" executed="True" success="True" time="7.300" asserts="0">
                <results>
                  <test-suite name="EFWEBRepository_Test" executed="True" success="True" time="7.297" asserts="0">
                    <results>
                      <test-case name="NUnit.Samples.Money.EFWEBRepository_Test.EFWEBRepository_GetTest" executed="True" success="True" time="6.226" asserts="1" />
                      <test-case name="NUnit.Samples.Money.EFWEBRepository_Test.EFWEBRepository_ListTest" executed="True" success="True" time="0.071" asserts="1" />
                      <test-case name="NUnit.Samples.Money.EFWEBRepository_Test.EFWEBRepository_RemoveTest" executed="True" success="True" time="0.785" asserts="0" />
                      <test-case name="NUnit.Samples.Money.EFWEBRepository_Test.EFWEBRepository_SaveTest" executed="True" success="True" time="0.080" asserts="7" />
                      <test-case name="NUnit.Samples.Money.EFWEBRepository_Test.EFWEBRepository_UpdateTest" executed="True" success="True" time="0.104" asserts="7" />
                    </results>
                  </test-suite>
                </results>
              </test-suite>
            </results>
          </test-suite>
        </results>
      </test-suite>
    </results>
  </test-suite>
</test-results>