<?xml version="1.0" encoding="utf-8" standalone="no"?>
<!--This file represents the results of running a test suite-->
<test-results name="X:\inetpub\Schedumail\src\ScheduMail.WebMvc2Test\bin\Debug\ScheduMail.WebMvc2Test.dll" total="2" errors="0" failures="0" not-run="0" inconclusive="0" ignored="0" skipped="0" invalid="0" date="2010-02-22" time="09:19:43">
  <environment nunit-version="2.5.2.9222" clr-version="2.0.50727.4927" os-version="Microsoft Windows NT 6.1.7600.0" platform="Win32NT" cwd="X:\inetpub\Schedumail\src" machine-name="BALI" user="000088" user-domain="BALI" />
  <culture-info current-culture="en-GB" current-uiculture="en-US" />
  <test-suite name="X:\inetpub\Schedumail\src\ScheduMail.WebMvc2Test\bin\Debug\ScheduMail.WebMvc2Test.dll" executed="True" success="True" time="0.179" asserts="0">
    <results>
      <test-suite name="ScheduMail" executed="True" success="True" time="0.173" asserts="0">
        <results>
          <test-suite name="WebMvc2Test" executed="True" success="True" time="0.170" asserts="0">
            <results>
              <test-suite name="PagingHelperTests" executed="True" success="True" time="0.168" asserts="0">
                <results>
                  <test-case name="ScheduMail.WebMvc2Test.PagingHelperTests.PageLinks_Method_Extends_HtmlHelper" executed="True" success="True" time="0.110" asserts="0" />
                  <test-case name="ScheduMail.WebMvc2Test.PagingHelperTests.PageLinks_Produces_Anchor_Tags" executed="True" success="True" time="0.044" asserts="1" />
                </results>
              </test-suite>
            </results>
          </test-suite>
        </results>
      </test-suite>
    </results>
  </test-suite>
</test-results>